# JRE version: Java(TM) SE Runtime Environment Oracle GraalVM 22.0.1+8.1 (22.0.1+8) (build 22.0.1+8-jvmci-b01)
# Java VM: Java HotSpot(TM) 64-Bit Server VM Oracle GraalVM 22.0.1+8.1 (22.0.1+8-jvmci-b01, mixed mode, emulated-client, sharing, tiered, jvmci, jvmci compiler, compressed oops, compressed class ptrs, g1 gc, windows-amd64)
GC Precious Log:
 CardTable entry size: 512
 Card Set container configuration: InlinePtr #cards 5 size 8 Array Of Cards #cards 12 size 40 Howl #buckets 4 coarsen threshold 1843 Howl Bitmap #cards 512 size 80 coarsen threshold 460 Card regions per heap region 1 cards per card region 2048
 CPUs: 8 total, 8 available
 Memory: 7103M
 Large Page Support: Disabled
 NUMA Support: Disabled
 Compressed Oops: Enabled (32-bit)
 Heap Region Size: 1M
 Heap Min Capacity: 8M
 Heap Initial Capacity: 112M
 Heap Max Capacity: 1776M
 Pre-touch: Disabled
 Parallel Workers: 8
 Concurrent Workers: 2
 Concurrent Refinement Workers: 8
 Periodic GC: Disabled
Heap:
 garbage-first heap   total reserved 1818624K, committed 140288K, used 93632K [0x0000000091000000, 0x0000000100000000)
  region size 1024K, 4 young (4096K), 4 survivors (4096K)
 Metaspace       used 77189K, committed 78016K, reserved 1179648K
  class space    used 11089K, committed 11456K, reserved 1048576K
GC Heap History (20 events):
Event: 51.482 GC heap after
{Heap after GC invocations=26 (full 0):
 garbage-first heap   total reserved 1818624K, committed 82944K, used 41408K [0x0000000091000000, 0x0000000100000000)
  region size 1024K, 3 young (3072K), 3 survivors (3072K)
 Metaspace       used 75119K, committed 75840K, reserved 1114112K
  class space    used 10820K, committed 11136K, reserved 1048576K
}
Event: 52.001 GC heap before
{Heap before GC invocations=26 (full 0):
 garbage-first heap   total reserved 1818624K, committed 82944K, used 73152K [0x0000000091000000, 0x0000000100000000)
  region size 1024K, 34 young (34816K), 3 survivors (3072K)
 Metaspace       used 76012K, committed 76736K, reserved 1114112K
  class space    used 10943K, committed 11264K, reserved 1048576K
}
Event: 52.008 GC heap after
{Heap after GC invocations=27 (full 0):
 garbage-first heap   total reserved 1818624K, committed 82944K, used 42857K [0x0000000091000000, 0x0000000100000000)
  region size 1024K, 5 young (5120K), 5 survivors (5120K)
 Metaspace       used 76012K, committed 76736K, reserved 1114112K
  class space    used 10943K, committed 11264K, reserved 1048576K
}
Event: 52.298 GC heap before
{Heap before GC invocations=27 (full 0):
 garbage-first heap   total reserved 1818624K, committed 82944K, used 54121K [0x0000000091000000, 0x0000000100000000)
  region size 1024K, 17 young (17408K), 5 survivors (5120K)
 Metaspace       used 76985K, committed 77824K, reserved 1179648K
  class space    used 11060K, committed 11392K, reserved 1048576K
}
Event: 52.307 GC heap after
{Heap after GC invocations=28 (full 0):
 garbage-first heap   total reserved 1818624K, committed 82944K, used 43902K [0x0000000091000000, 0x0000000100000000)
  region size 1024K, 3 young (3072K), 3 survivors (3072K)
 Metaspace       used 76985K, committed 77824K, reserved 1179648K
  class space    used 11060K, committed 11392K, reserved 1048576K
}
Event: 52.541 GC heap before
{Heap before GC invocations=29 (full 0):
 garbage-first heap   total reserved 1818624K, committed 82944K, used 75646K [0x0000000091000000, 0x0000000100000000)
  region size 1024K, 33 young (33792K), 3 survivors (3072K)
 Metaspace       used 77004K, committed 77824K, reserved 1179648K
  class space    used 11063K, committed 11392K, reserved 1048576K
}
Event: 52.553 GC heap after
{Heap after GC invocations=30 (full 0):
 garbage-first heap   total reserved 1818624K, committed 87040K, used 51921K [0x0000000091000000, 0x0000000100000000)
  region size 1024K, 5 young (5120K), 5 survivors (5120K)
 Metaspace       used 77004K, committed 77824K, reserved 1179648K
  class space    used 11063K, committed 11392K, reserved 1048576K
}
Event: 52.718 GC heap before
{Heap before GC invocations=30 (full 0):
 garbage-first heap   total reserved 1818624K, committed 87040K, used 76497K [0x0000000091000000, 0x0000000100000000)
  region size 1024K, 29 young (29696K), 5 survivors (5120K)
 Metaspace       used 77026K, committed 77824K, reserved 1179648K
  class space    used 11067K, committed 11392K, reserved 1048576K
}
Event: 52.733 GC heap after
{Heap after GC invocations=31 (full 0):
 garbage-first heap   total reserved 1818624K, committed 92160K, used 58368K [0x0000000091000000, 0x0000000100000000)
  region size 1024K, 4 young (4096K), 4 survivors (4096K)
 Metaspace       used 77026K, committed 77824K, reserved 1179648K
  class space    used 11067K, committed 11392K, reserved 1048576K
}
Event: 53.007 GC heap before
{Heap before GC invocations=31 (full 0):
 garbage-first heap   total reserved 1818624K, committed 92160K, used 72704K [0x0000000091000000, 0x0000000100000000)
  region size 1024K, 19 young (19456K), 4 survivors (4096K)
 Metaspace       used 77185K, committed 78016K, reserved 1179648K
  class space    used 11088K, committed 11456K, reserved 1048576K
}
Event: 53.012 GC heap after
{Heap after GC invocations=32 (full 0):
 garbage-first heap   total reserved 1818624K, committed 140288K, used 61953K [0x0000000091000000, 0x0000000100000000)
  region size 1024K, 3 young (3072K), 3 survivors (3072K)
 Metaspace       used 77185K, committed 78016K, reserved 1179648K
  class space    used 11088K, committed 11456K, reserved 1048576K
}
Event: 53.177 GC heap before
{Heap before GC invocations=32 (full 0):
 garbage-first heap   total reserved 1818624K, committed 140288K, used 110081K [0x0000000091000000, 0x0000000100000000)
  region size 1024K, 48 young (49152K), 3 survivors (3072K)
 Metaspace       used 77185K, committed 78016K, reserved 1179648K
  class space    used 11088K, committed 11456K, reserved 1048576K
}
Event: 53.187 GC heap after
{Heap after GC invocations=33 (full 0):
 garbage-first heap   total reserved 1818624K, committed 140288K, used 71651K [0x0000000091000000, 0x0000000100000000)
  region size 1024K, 6 young (6144K), 6 survivors (6144K)
 Metaspace       used 77185K, committed 78016K, reserved 1179648K
  class space    used 11088K, committed 11456K, reserved 1048576K
}
Event: 53.286 GC heap before
{Heap before GC invocations=33 (full 0):
 garbage-first heap   total reserved 1818624K, committed 140288K, used 85987K [0x0000000091000000, 0x0000000100000000)
  region size 1024K, 22 young (22528K), 6 survivors (6144K)
 Metaspace       used 77189K, committed 78016K, reserved 1179648K
  class space    used 11089K, committed 11456K, reserved 1048576K
}
Event: 53.295 GC heap after
{Heap after GC invocations=34 (full 0):
 garbage-first heap   total reserved 1818624K, committed 140288K, used 78554K [0x0000000091000000, 0x0000000100000000)
  region size 1024K, 6 young (6144K), 6 survivors (6144K)
 Metaspace       used 77189K, committed 78016K, reserved 1179648K
  class space    used 11089K, committed 11456K, reserved 1048576K
}
Event: 53.446 GC heap before
{Heap before GC invocations=35 (full 0):
 garbage-first heap   total reserved 1818624K, committed 140288K, used 114394K [0x0000000091000000, 0x0000000100000000)
  region size 1024K, 39 young (39936K), 6 survivors (6144K)
 Metaspace       used 77189K, committed 78016K, reserved 1179648K
  class space    used 11089K, committed 11456K, reserved 1048576K
}
Event: 53.455 GC heap after
{Heap after GC invocations=36 (full 0):
 garbage-first heap   total reserved 1818624K, committed 140288K, used 86316K [0x0000000091000000, 0x0000000100000000)
  region size 1024K, 5 young (5120K), 5 survivors (5120K)
 Metaspace       used 77189K, committed 78016K, reserved 1179648K
  class space    used 11089K, committed 11456K, reserved 1048576K
}
Event: 53.626 GC heap before
{Heap before GC invocations=36 (full 0):
 garbage-first heap   total reserved 1818624K, committed 140288K, used 117036K [0x0000000091000000, 0x0000000100000000)
  region size 1024K, 35 young (35840K), 5 survivors (5120K)
 Metaspace       used 77189K, committed 78016K, reserved 1179648K
  class space    used 11089K, committed 11456K, reserved 1048576K
}
Event: 53.639 GC heap after
{Heap after GC invocations=37 (full 0):
 garbage-first heap   total reserved 1818624K, committed 140288K, used 90852K [0x0000000091000000, 0x0000000100000000)
  region size 1024K, 5 young (5120K), 5 survivors (5120K)
 Metaspace       used 77189K, committed 78016K, reserved 1179648K
  class space    used 11089K, committed 11456K, reserved 1048576K
}
Event: 53.672 GC heap before
{Heap before GC invocations=37 (full 0):
 garbage-first heap   total reserved 1818624K, committed 140288K, used 104164K [0x0000000091000000, 0x0000000100000000)
  region size 1024K, 20 young (20480K), 5 survivors (5120K)
 Metaspace       used 77189K, committed 78016K, reserved 1179648K
  class space    used 11089K, committed 11456K, reserved 1048576K
}

